$ next dev --turbopack
   ▲ Next.js 15.5.6 (Turbopack)
   - Local:        http://localhost:3000
   - Network:      http://169.254.0.21:3000

 ✓ Starting...
Attention: Next.js now collects completely anonymous telemetry regarding usage.
This information is used to shape Next.js' roadmap and prioritize features.
You can learn more, including how to opt-out if you'd not like to participate in this anonymous program, by visiting the following URL:
https://nextjs.org/telemetry

 ✓ Ready in 1945ms
 ○ Compiling / ...
 ✓ Compiled / in 6.3s
 ⚠ metadataBase property in metadata export is not set for resolving social open graph or twitter images, using "http://localhost:3000". See https://nextjs.org/docs/app/api-reference/functions/generate-metadata#metadatabase
 GET / 200 in 5322ms
 GET / 200 in 8139ms
 ⚠ Cross origin request detected from lucky-banks-sleep.lindy.site to /_next/* resource. In a future major version of Next.js, you will need to explicitly configure "allowedDevOrigins" in next.config to allow this.
Read more: https://nextjs.org/docs/app/api-reference/config/next-config-js/allowedDevOrigins
 ○ Compiling /favicon.ico ...
 ✓ Compiled /favicon.ico in 575ms
 GET /favicon.ico?favicon.bf3c9292.ico 200 in 901ms
 ✓ Compiled in 341ms
 ✓ Compiled / in 71ms
 ⚠ metadataBase property in metadata export is not set for resolving social open graph or twitter images, using "http://localhost:3000". See https://nextjs.org/docs/app/api-reference/functions/generate-metadata#metadatabase
 GET / 200 in 626ms
 GET / 200 in 650ms
 ✓ Compiled in 311ms
 ✓ Compiled / in 55ms
 ⚠ metadataBase property in metadata export is not set for resolving social open graph or twitter images, using "http://localhost:3000". See https://nextjs.org/docs/app/api-reference/functions/generate-metadata#metadatabase
 GET / 200 in 390ms
 GET / 200 in 774ms
 ✓ Compiled in 220ms
 ✓ Compiled in 133ms
 ✓ Compiled in 165ms
 ✓ Compiled / in 174ms
 ⚠ metadataBase property in metadata export is not set for resolving social open graph or twitter images, using "http://localhost:3000". See https://nextjs.org/docs/app/api-reference/functions/generate-metadata#metadatabase
 GET / 200 in 1016ms
 ✓ Compiled in 468ms
 ✓ Compiled / in 48ms
 ⚠ metadataBase property in metadata export is not set for resolving social open graph or twitter images, using "http://localhost:3000". See https://nextjs.org/docs/app/api-reference/functions/generate-metadata#metadatabase
 GET / 200 in 1227ms
   Reload env: .env.local
   Reload env: .env.local
 ✓ Compiled in 5.3s
 ✓ Compiled / in 58ms
 ⚠ metadataBase property in metadata export is not set for resolving social open graph or twitter images, using "http://localhost:3000". See https://nextjs.org/docs/app/api-reference/functions/generate-metadata#metadatabase
 GET / 200 in 1219ms
 ✓ Compiled in 219ms
 ✓ Compiled / in 46ms
 ⚠ metadataBase property in metadata export is not set for resolving social open graph or twitter images, using "http://localhost:3000". See https://nextjs.org/docs/app/api-reference/functions/generate-metadata#metadatabase
 GET / 200 in 338ms
 ✓ Compiled in 532ms
 ✓ Compiled in 761ms
 ✓ Compiled / in 82ms
 ⚠ metadataBase property in metadata export is not set for resolving social open graph or twitter images, using "http://localhost:3000". See https://nextjs.org/docs/app/api-reference/functions/generate-metadata#metadatabase
 GET / 200 in 1898ms
 ✓ Compiled in 303ms
 ✓ Compiled / in 55ms
 ⚠ metadataBase property in metadata export is not set for resolving social open graph or twitter images, using "http://localhost:3000". See https://nextjs.org/docs/app/api-reference/functions/generate-metadata#metadatabase
 GET / 200 in 1746ms
 GET /favicon.ico?favicon.bf3c9292.ico 200 in 331ms
 GET /favicon.ico?favicon.bf3c9292.ico 200 in 259ms
 GET / 200 in 744ms
 ✓ Compiled in 235ms
 ⚠ metadataBase property in metadata export is not set for resolving social open graph or twitter images, using "http://localhost:3000". See https://nextjs.org/docs/app/api-reference/functions/generate-metadata#metadatabase
 GET / 200 in 2039ms
 ✓ Compiled in 146ms
 ✓ Compiled / in 45ms
 ⚠ metadataBase property in metadata export is not set for resolving social open graph or twitter images, using "http://localhost:3000". See https://nextjs.org/docs/app/api-reference/functions/generate-metadata#metadatabase
 GET / 200 in 321ms
 ✓ Compiled in 234ms
 GET / 200 in 799ms
   Reload env: .env
   Reload env: .env
   Reload env: .env
   Reload env: .env
 ✓ Compiled in 196ms
 ✓ Compiled in 133ms
 ✓ Compiled in 494ms
 ✓ Compiled in 162ms
 ⚠ Found a change in next.config.ts. Restarting the server to apply the changes...
 ⚠ Found lockfile missing swc dependencies, patching...
   ▲ Next.js 15.5.6 (Turbopack)
   - Local:        http://localhost:3000
   - Network:      http://169.254.0.21:3000
   - Environments: .env.local, .env

 ✓ Starting...
 ✓ Ready in 2.4s
 ⚠ Lockfile was successfully patched, please run "npm install" to ensure @next/swc dependencies are downloaded
 ○ Compiling / ...
 ✓ Compiled / in 5.9s
 ⨯ [Error: ENOENT: no such file or directory, open '/home/code/rugly-app/.next/static/development/_buildManifest.js.tmp.od0ca3scm8n'] {
  errno: -2,
  code: 'ENOENT',
  syscall: 'open',
  path: '/home/code/rugly-app/.next/static/development/_buildManifest.js.tmp.od0ca3scm8n'
}
 ○ Compiling /_error ...
 ✓ Compiled /_error in 2.1s
 ⨯ [Error: ENOENT: no such file or directory, open '/home/code/rugly-app/.next/static/development/_buildManifest.js.tmp.81v0z6rbs2h'] {
  errno: -2,
  code: 'ENOENT',
  syscall: 'open',
  path: '/home/code/rugly-app/.next/static/development/_buildManifest.js.tmp.81v0z6rbs2h'
}
[Error: ENOENT: no such file or directory, open '/home/code/rugly-app/.next/static/development/_buildManifest.js.tmp.od0ca3scm8n'] {
  errno: -2,
  code: 'ENOENT',
  syscall: 'open',
  path: '/home/code/rugly-app/.next/static/development/_buildManifest.js.tmp.od0ca3scm8n'
}
 ⨯ [Error: ENOENT: no such file or directory, open '/home/code/rugly-app/.next/static/development/_buildManifest.js.tmp.cjsid87hfka'] {
  errno: -2,
  code: 'ENOENT',
  syscall: 'open',
  path: '/home/code/rugly-app/.next/static/development/_buildManifest.js.tmp.cjsid87hfka'
}
[Error: ENOENT: no such file or directory, open '/home/code/rugly-app/.next/static/development/_buildManifest.js.tmp.212vjipaes3'] {
  errno: -2,
  code: 'ENOENT',
  syscall: 'open',
  path: '/home/code/rugly-app/.next/static/development/_buildManifest.js.tmp.212vjipaes3'
}
 ✓ Compiled in 253ms
